[debug] [2023-02-21T16:19:52.620Z] ----------------------------------------------------------------------
[debug] [2023-02-21T16:19:52.622Z] Command:       /opt/homebrew/Cellar/node/19.6.0/bin/node /opt/homebrew/bin/firebase init
[debug] [2023-02-21T16:19:52.622Z] CLI Version:   11.23.1
[debug] [2023-02-21T16:19:52.622Z] Platform:      darwin
[debug] [2023-02-21T16:19:52.623Z] Node Version:  v19.6.0
[debug] [2023-02-21T16:19:52.623Z] Time:          Tue Feb 21 2023 21:49:52 GMT+0530 (India Standard Time)
[debug] [2023-02-21T16:19:52.623Z] ----------------------------------------------------------------------
[debug] 
[debug] [2023-02-21T16:19:52.626Z] > command requires scopes: ["email","openid","https://www.googleapis.com/auth/cloudplatformprojects.readonly","https://www.googleapis.com/auth/firebase","https://www.googleapis.com/auth/cloud-platform"]
[debug] [2023-02-21T16:19:52.626Z] > authorizing via signed-in user (cs20b056@iittp.ac.in)
[info] 
     ######## #### ########  ######## ########     ###     ######  ########
     ##        ##  ##     ## ##       ##     ##  ##   ##  ##       ##
     ######    ##  ########  ######   ########  #########  ######  ######
     ##        ##  ##    ##  ##       ##     ## ##     ##       ## ##
     ##       #### ##     ## ######## ########  ##     ##  ######  ########

You're about to initialize a Firebase project in this directory:

  /Users/prathik/Desktop/firebase_social_media

[info] 
=== Project Setup
[info] 
[info] First, let's associate this project directory with a Firebase project.
[info] You can create multiple project aliases by running firebase use --add, 
[info] but for now we'll just set up a default project.
[info] 
[debug] [2023-02-21T16:21:06.359Z] >>> [apiv2][query] GET https://firebase.googleapis.com/v1beta1/projects pageSize=100
[debug] [2023-02-21T16:21:07.282Z] <<< [apiv2][status] GET https://firebase.googleapis.com/v1beta1/projects 200
[debug] [2023-02-21T16:21:07.283Z] <<< [apiv2][body] GET https://firebase.googleapis.com/v1beta1/projects [omitted]
[info] i  Using project react-firebase-project-82a95 (react-firebase-project) 
[info] 
=== Hosting Setup
[info] 
[info] Your public directory is the folder (relative to your project directory) that
[info] will contain Hosting assets to be uploaded with firebase deploy. If you
[info] have a build process for your assets, use your build's output directory.
[info] 
[info] ✔  Wrote public/404.html 
[debug] [2023-02-21T16:22:42.403Z] >>> [apiv2][query] GET https://www.gstatic.com/firebasejs/releases.json [none]
[debug] [2023-02-21T16:22:42.643Z] <<< [apiv2][status] GET https://www.gstatic.com/firebasejs/releases.json 200
[debug] [2023-02-21T16:22:42.643Z] <<< [apiv2][body] GET https://www.gstatic.com/firebasejs/releases.json {"current":{"version":"9.17.1","browserURL":"https://www.gstatic.com/firebasejs/9.17.1/firebase.js","packageURL":"https://www.gstatic.com/firebasejs/9.17.1/firebase.tgz"},"live":{"version":"9.17","browserURL":"https://www.gstatic.com/firebasejs/live/9.17/firebase.js","packageURL":"https://www.gstatic.com/firebasejs/live/9.17/firebase.tgz"},"components":{"analytics":"https://www.gstatic.com/firebasejs/9.17.1/firebase-analytics.js","app":"https://www.gstatic.com/firebasejs/9.17.1/firebase-app.js","app-check":"https://www.gstatic.com/firebasejs/9.17.1/firebase-app-check.js","auth":"https://www.gstatic.com/firebasejs/9.17.1/firebase-auth.js","auth/cordova":"https://www.gstatic.com/firebasejs/9.17.1/firebase-auth/cordova.js","auth/react-native":"https://www.gstatic.com/firebasejs/9.17.1/firebase-auth/react-native.js","functions":"https://www.gstatic.com/firebasejs/9.17.1/firebase-functions.js","firestore":"https://www.gstatic.com/firebasejs/9.17.1/firebase-firestore.js","firestore/lite":"https://www.gstatic.com/firebasejs/9.17.1/firebase-firestore/lite.js","installations":"https://www.gstatic.com/firebasejs/9.17.1/firebase-installations.js","storage":"https://www.gstatic.com/firebasejs/9.17.1/firebase-storage.js","performance":"https://www.gstatic.com/firebasejs/9.17.1/firebase-performance.js","remote-config":"https://www.gstatic.com/firebasejs/9.17.1/firebase-remote-config.js","messaging":"https://www.gstatic.com/firebasejs/9.17.1/firebase-messaging.js","messaging/sw":"https://www.gstatic.com/firebasejs/9.17.1/firebase-messaging/sw.js","database":"https://www.gstatic.com/firebasejs/9.17.1/firebase-database.js","firestore.memory":"https://www.gstatic.com/firebasejs/9.17.1/firebase-firestore.memory.js"}}
[info] i  Skipping write of public/index.html 
[info] 
[info] i  Detected a .git folder at /Users/prathik/Desktop/firebase_social_media 
[info] i  Authorizing with GitHub to upload your service account to a GitHub repository's secrets store. 
[info] 
[info] Visit this URL on this device to log in:
[info] https://github.com/login/oauth/authorize?client_id=89cf50f02ac6aaed3484&state=786042043&redirect_uri=http%3A%2F%2Flocalhost%3A9005&scope=read%3Auser%20repo%20public_repo
[info] 
[info] Waiting for authentication...
[debug] [2023-02-21T16:23:18.595Z] >>> [apiv2][query] POST https://github.com/login/oauth/access_token [none]
[debug] [2023-02-21T16:23:18.596Z] >>> [apiv2][body] POST https://github.com/login/oauth/access_token [stream]
[debug] [2023-02-21T16:23:19.154Z] <<< [apiv2][status] POST https://github.com/login/oauth/access_token 200
[debug] [2023-02-21T16:23:19.155Z] <<< [apiv2][body] POST https://github.com/login/oauth/access_token {"access_token":"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","token_type":"bearer","scope":"read:user,repo"}
[debug] [2023-02-21T16:23:19.165Z] >>> [apiv2][query] GET https://api.github.com/user [none]
[debug] [2023-02-21T16:23:19.630Z] <<< [apiv2][status] GET https://api.github.com/user 200
[debug] [2023-02-21T16:23:19.632Z] <<< [apiv2][body] GET https://api.github.com/user {"login":"prathik8794","id":83969842,"node_id":"MDQ6VXNlcjgzOTY5ODQy","avatar_url":"https://avatars.githubusercontent.com/u/83969842?v=4","gravatar_id":"","url":"https://api.github.com/users/prathik8794","html_url":"https://github.com/prathik8794","followers_url":"https://api.github.com/users/prathik8794/followers","following_url":"https://api.github.com/users/prathik8794/following{/other_user}","gists_url":"https://api.github.com/users/prathik8794/gists{/gist_id}","starred_url":"https://api.github.com/users/prathik8794/starred{/owner}{/repo}","subscriptions_url":"https://api.github.com/users/prathik8794/subscriptions","organizations_url":"https://api.github.com/users/prathik8794/orgs","repos_url":"https://api.github.com/users/prathik8794/repos","events_url":"https://api.github.com/users/prathik8794/events{/privacy}","received_events_url":"https://api.github.com/users/prathik8794/received_events","type":"User","site_admin":false,"name":"Prathik P Kulkarni","company":null,"blog":"","location":null,"email":null,"hireable":null,"bio":"\"Hi guys I enjoy learning new things.\"","twitter_username":null,"public_repos":23,"public_gists":0,"followers":12,"following":13,"created_at":"2021-05-10T15:19:12Z","updated_at":"2023-02-04T13:04:48Z","private_gists":0,"total_private_repos":5,"owned_private_repos":5,"disk_usage":7407,"collaborators":0,"two_factor_authentication":false,"plan":{"name":"pro","space":976562499,"collaborators":0,"private_repos":9999}}
[info] 
[info] ✔  Success! Logged into GitHub as prathik8794 
[info] 
